2023-07-03 11:40:47.253 [main] INFO  com.vip.file.FileApplication - Starting FileApplication on XiaoXinAir14ITL2021 with PID 14780 (D:\javacode\workspace\zg-bank-backend-management\target\classes started by zhongGuan-Mwj in D:\javacode\workspace\zg-bank-backend-management)
2023-07-03 11:40:47.254 [main] INFO  com.vip.file.FileApplication - The following profiles are active: dev
2023-07-03 11:40:48.223 [main] INFO  o.s.c.s.PostProcessorRegistrationDelegate$BeanPostProcessorChecker - Bean 'org.springframework.transaction.annotation.ProxyTransactionManagementConfiguration' of type [org.springframework.transaction.annotation.ProxyTransactionManagementConfiguration] is not eligible for getting processed by all BeanPostProcessors (for example: not eligible for auto-proxying)
2023-07-03 11:40:48.541 [main] INFO  o.s.boot.web.embedded.tomcat.TomcatWebServer - Tomcat initialized with port(s): 9555 (http)
2023-07-03 11:40:48.548 [main] INFO  org.apache.coyote.http11.Http11NioProtocol - Initializing ProtocolHandler ["http-nio-9555"]
2023-07-03 11:40:48.548 [main] INFO  org.apache.catalina.core.StandardService - Starting service [Tomcat]
2023-07-03 11:40:48.548 [main] INFO  org.apache.catalina.core.StandardEngine - Starting Servlet engine: [Apache Tomcat/9.0.29]
2023-07-03 11:40:48.638 [main] INFO  o.a.c.core.ContainerBase.[Tomcat].[localhost].[/] - Initializing Spring embedded WebApplicationContext
2023-07-03 11:40:48.639 [main] INFO  org.springframework.web.context.ContextLoader - Root WebApplicationContext: initialization completed in 1331 ms
2023-07-03 11:40:48.700 [main] INFO  c.a.d.s.b.a.DruidDataSourceAutoConfigure - Init DruidDataSource
2023-07-03 11:40:48.852 [main] INFO  com.alibaba.druid.pool.DruidDataSource - {dataSource-1} inited
2023-07-03 11:40:49.924 [main] INFO  o.s.scheduling.concurrent.ThreadPoolTaskScheduler - Initializing ExecutorService 'taskScheduler'
2023-07-03 11:40:50.375 [main] INFO  s.d.s.w.PropertySourcedRequestMappingHandlerMapping - Mapped URL path [/v2/api-docs] onto method [springfox.documentation.swagger2.web.Swagger2Controller#getDocumentation(String, HttpServletRequest)]
2023-07-03 11:40:50.476 [main] INFO  o.s.scheduling.concurrent.ThreadPoolTaskExecutor - Initializing ExecutorService 'applicationTaskExecutor'
2023-07-03 11:40:50.687 [main] INFO  s.d.s.web.plugins.DocumentationPluginsBootstrapper - Context refreshed
2023-07-03 11:40:50.696 [main] INFO  s.d.s.web.plugins.DocumentationPluginsBootstrapper - Found 1 custom documentation plugin(s)
2023-07-03 11:40:50.722 [main] INFO  s.d.spring.web.scanners.ApiListingReferenceScanner - Scanning for api listing references
2023-07-03 11:40:50.843 [main] INFO  s.d.s.w.r.operation.CachingOperationNameGenerator - Generating unique operation named: viewFilesImageUsingGET_1
2023-07-03 11:40:50.930 [main] INFO  org.apache.coyote.http11.Http11NioProtocol - Starting ProtocolHandler ["http-nio-9555"]
2023-07-03 11:40:50.949 [main] INFO  o.s.boot.web.embedded.tomcat.TomcatWebServer - Tomcat started on port(s): 9555 (http) with context path ''
2023-07-03 11:40:50.952 [main] INFO  com.vip.file.FileApplication - Started FileApplication in 4.382 seconds (JVM running for 5.396)
2023-07-03 12:09:00.121 [pool-1-thread-1] INFO  com.vip.file.websocket.service.WebSocketServer - 推送数据:{"state":1,"type":"MERGE_VIDEO_ONGOING","info":"6"}
2023-07-03 12:09:00.121 [pool-2-thread-1] INFO  com.vip.file.websocket.service.WebSocketServer - 推送数据:{"state":1,"type":"MERGE_VIDEO_ONGOING","info":"6"}
2023-07-03 12:09:00.122 [pool-2-thread-1] INFO  com.vip.file.quartz.MergeVideoThread - 开始合成视频，通知页面:6
2023-07-03 12:09:00.122 [pool-1-thread-1] INFO  com.vip.file.quartz.MergeVideoThread - 开始合成视频，通知页面:6
2023-07-03 12:09:22.073 [pool-2-thread-1] INFO  com.vip.file.utils.MergeVideoUtils - 解码完成，输出文件路径: D:/temp/file-manager/6/77f759bd-bf46-4388-a73b-2ea621343c75.mp4
2023-07-03 12:09:22.184 [pool-1-thread-1] INFO  com.vip.file.utils.MergeVideoUtils - 解码完成，输出文件路径: D:/temp/file-manager/6/eab2ba9e-4d1a-4d95-9f7e-02fb288fd907.mp4
2023-07-03 12:09:44.431 [pool-1-thread-1] INFO  com.vip.file.utils.MergeVideoUtils - 解码完成，输出文件路径: D:/temp/file-manager/6/03f3226e-d91d-4851-912d-17a379b0d73f.mp4
2023-07-03 12:09:44.556 [pool-2-thread-1] INFO  com.vip.file.utils.MergeVideoUtils - 解码完成，输出文件路径: D:/temp/file-manager/6/44cc1bad-bf3b-408e-b8f6-00eb07a15e2b.mp4
2023-07-03 12:09:44.588 [pool-1-thread-1] INFO  com.vip.file.utils.MergeVideoUtils - -----操作成功:D:\home\user\wuxibank\java\ffmpeg.exe\ffmpeg6638009435352353387 -i D:/temp/file-manager/6/eab2ba9e-4d1a-4d95-9f7e-02fb288fd907.mp4 -c copy -bsf:v h264_mp4toannexb -f mpegts D:/temp/video/input85c52661-aa6f-4fb7-afeb-d62140eeb438.ts
2023-07-03 12:09:44.668 [pool-2-thread-1] INFO  com.vip.file.utils.MergeVideoUtils - -----操作成功:D:\home\user\wuxibank\java\ffmpeg.exe\ffmpeg5130304687795306462 -i D:/temp/file-manager/6/77f759bd-bf46-4388-a73b-2ea621343c75.mp4 -c copy -bsf:v h264_mp4toannexb -f mpegts D:/temp/video/input984d43ae-71c0-445e-8533-12e865a71892.ts
2023-07-03 12:09:44.682 [pool-1-thread-1] INFO  com.vip.file.utils.MergeVideoUtils - -----操作成功:D:\home\user\wuxibank\java\ffmpeg.exe\ffmpeg6638009435352353387 -i D:/temp/file-manager/6/03f3226e-d91d-4851-912d-17a379b0d73f.mp4 -c copy -bsf:v h264_mp4toannexb -f mpegts D:/temp/video/input317740e3-8c3a-47cd-9108-9f1504d3f38c.ts
2023-07-03 12:09:44.758 [pool-2-thread-1] INFO  com.vip.file.utils.MergeVideoUtils - -----操作成功:D:\home\user\wuxibank\java\ffmpeg.exe\ffmpeg5130304687795306462 -i D:/temp/file-manager/6/44cc1bad-bf3b-408e-b8f6-00eb07a15e2b.mp4 -c copy -bsf:v h264_mp4toannexb -f mpegts D:/temp/video/input70170dd3-aae2-421e-85a0-23ff3e836607.ts
2023-07-03 12:09:44.847 [pool-1-thread-1] INFO  com.vip.file.utils.MergeVideoUtils - -----操作成功:D:\home\user\wuxibank\java\ffmpeg.exe\ffmpeg6638009435352353387 -i  concat:D:/temp/video/input85c52661-aa6f-4fb7-afeb-d62140eeb438.ts|D:/temp/video/input317740e3-8c3a-47cd-9108-9f1504d3f38c.ts| -c copy -bsf:a aac_adtstoasc -movflags +faststart D:/temp/video/20230703/e34e74c4-a164-4e32-9c39-74e12154aecf.mp4
2023-07-03 12:09:44.859 [pool-1-thread-1] INFO  com.vip.file.quartz.MergeVideoThread - 视频合成成功,合成视频访问路径:/video/20230703/e34e74c4-a164-4e32-9c39-74e12154aecf.mp4
2023-07-03 12:09:44.864 [pool-1-thread-1] INFO  com.vip.file.websocket.service.WebSocketServer - 推送数据:{"state":1,"type":"MERGE_VIDEO_SUCCESS","info":"6"}
2023-07-03 12:09:44.950 [pool-2-thread-1] INFO  com.vip.file.utils.MergeVideoUtils - -----操作成功:D:\home\user\wuxibank\java\ffmpeg.exe\ffmpeg5130304687795306462 -i  concat:D:/temp/video/input984d43ae-71c0-445e-8533-12e865a71892.ts|D:/temp/video/input70170dd3-aae2-421e-85a0-23ff3e836607.ts| -c copy -bsf:a aac_adtstoasc -movflags +faststart D:/temp/video/20230703/43467110-45b8-40e1-85fa-92cd6fb7b264.mp4
2023-07-03 12:09:44.963 [pool-2-thread-1] INFO  com.vip.file.quartz.MergeVideoThread - 视频合成成功,合成视频访问路径:/video/20230703/43467110-45b8-40e1-85fa-92cd6fb7b264.mp4
2023-07-03 12:09:44.966 [pool-2-thread-1] INFO  com.vip.file.websocket.service.WebSocketServer - 推送数据:{"state":1,"type":"MERGE_VIDEO_SUCCESS","info":"6"}
2023-07-03 13:14:41.432 [http-nio-9555-exec-1] INFO  o.a.c.core.ContainerBase.[Tomcat].[localhost].[/] - Initializing Spring DispatcherServlet 'dispatcherServlet'
2023-07-03 13:14:41.433 [http-nio-9555-exec-1] INFO  org.springframework.web.servlet.DispatcherServlet - Initializing Servlet 'dispatcherServlet'
2023-07-03 13:14:41.440 [http-nio-9555-exec-1] INFO  org.springframework.web.servlet.DispatcherServlet - Completed initialization in 7 ms
2023-07-03 16:10:25.389 [main] ERROR org.springframework.boot.SpringApplication - Application run failed
java.lang.IllegalStateException: Failed to load property source from location 'classpath:/application-dev.yml'
	at org.springframework.boot.context.config.ConfigFileApplicationListener$Loader.load(ConfigFileApplicationListener.java:545)
	at org.springframework.boot.context.config.ConfigFileApplicationListener$Loader.loadForFileExtension(ConfigFileApplicationListener.java:483)
	at org.springframework.boot.context.config.ConfigFileApplicationListener$Loader.load(ConfigFileApplicationListener.java:464)
	at org.springframework.boot.context.config.ConfigFileApplicationListener$Loader.lambda$null$7(ConfigFileApplicationListener.java:443)
	at org.springframework.boot.context.config.ConfigFileApplicationListener$Loader$$Lambda$51/261748192.accept(Unknown Source)
	at java.lang.Iterable.forEach(Iterable.java:75)
	at org.springframework.boot.context.config.ConfigFileApplicationListener$Loader.lambda$load$8(ConfigFileApplicationListener.java:443)
	at org.springframework.boot.context.config.ConfigFileApplicationListener$Loader$$Lambda$50/846918683.accept(Unknown Source)
	at java.lang.Iterable.forEach(Iterable.java:75)
	at org.springframework.boot.context.config.ConfigFileApplicationListener$Loader.load(ConfigFileApplicationListener.java:440)
	at org.springframework.boot.context.config.ConfigFileApplicationListener$Loader.lambda$load$0(ConfigFileApplicationListener.java:335)
	at org.springframework.boot.context.config.ConfigFileApplicationListener$Loader$$Lambda$38/1419064126.accept(Unknown Source)
	at org.springframework.boot.context.config.FilteredPropertySource.apply(FilteredPropertySource.java:54)
	at org.springframework.boot.context.config.ConfigFileApplicationListener$Loader.load(ConfigFileApplicationListener.java:323)
	at org.springframework.boot.context.config.ConfigFileApplicationListener.addPropertySources(ConfigFileApplicationListener.java:214)
	at org.springframework.boot.context.config.ConfigFileApplicationListener.postProcessEnvironment(ConfigFileApplicationListener.java:198)
	at org.springframework.boot.context.config.ConfigFileApplicationListener.onApplicationEnvironmentPreparedEvent(ConfigFileApplicationListener.java:188)
	at org.springframework.boot.context.config.ConfigFileApplicationListener.onApplicationEvent(ConfigFileApplicationListener.java:176)
	at org.springframework.context.event.SimpleApplicationEventMulticaster.doInvokeListener(SimpleApplicationEventMulticaster.java:172)
	at org.springframework.context.event.SimpleApplicationEventMulticaster.invokeListener(SimpleApplicationEventMulticaster.java:165)
	at org.springframework.context.event.SimpleApplicationEventMulticaster.multicastEvent(SimpleApplicationEventMulticaster.java:139)
	at org.springframework.context.event.SimpleApplicationEventMulticaster.multicastEvent(SimpleApplicationEventMulticaster.java:127)
	at org.springframework.boot.context.event.EventPublishingRunListener.environmentPrepared(EventPublishingRunListener.java:76)
	at org.springframework.boot.SpringApplicationRunListeners.environmentPrepared(SpringApplicationRunListeners.java:53)
	at org.springframework.boot.SpringApplication.prepareEnvironment(SpringApplication.java:345)
	at org.springframework.boot.SpringApplication.run(SpringApplication.java:308)
	at org.springframework.boot.SpringApplication.run(SpringApplication.java:1226)
	at org.springframework.boot.SpringApplication.run(SpringApplication.java:1215)
	at com.vip.file.FileApplication.main(FileApplication.java:19)
Caused by: org.yaml.snakeyaml.scanner.ScannerException: mapping values are not allowed here
 in 'reader', line 26, column 20:
      directory-path: D:
                       ^

	at org.yaml.snakeyaml.scanner.ScannerImpl.fetchValue(ScannerImpl.java:870)
	at org.yaml.snakeyaml.scanner.ScannerImpl.fetchMoreTokens(ScannerImpl.java:358)
	at org.yaml.snakeyaml.scanner.ScannerImpl.checkToken(ScannerImpl.java:227)
	at org.yaml.snakeyaml.parser.ParserImpl$ParseBlockMappingKey.produce(ParserImpl.java:558)
	at org.yaml.snakeyaml.parser.ParserImpl.peekEvent(ParserImpl.java:158)
	at org.yaml.snakeyaml.parser.ParserImpl.checkEvent(ParserImpl.java:148)
	at org.yaml.snakeyaml.composer.Composer.composeMappingNode(Composer.java:217)
	at org.yaml.snakeyaml.composer.Composer.composeNode(Composer.java:144)
	at org.yaml.snakeyaml.composer.Composer.composeValueNode(Composer.java:239)
	at org.yaml.snakeyaml.composer.Composer.composeMappingChildren(Composer.java:230)
	at org.yaml.snakeyaml.composer.Composer.composeMappingNode(Composer.java:218)
	at org.yaml.snakeyaml.composer.Composer.composeNode(Composer.java:144)
	at org.yaml.snakeyaml.composer.Composer.getNode(Composer.java:85)
	at org.yaml.snakeyaml.constructor.BaseConstructor.getData(BaseConstructor.java:125)
	at org.yaml.snakeyaml.Yaml$1.next(Yaml.java:548)
	at org.springframework.beans.factory.config.YamlProcessor.process(YamlProcessor.java:160)
	at org.springframework.beans.factory.config.YamlProcessor.process(YamlProcessor.java:134)
	at org.springframework.boot.env.OriginTrackedYamlLoader.load(OriginTrackedYamlLoader.java:75)
	at org.springframework.boot.env.YamlPropertySourceLoader.load(YamlPropertySourceLoader.java:50)
	at org.springframework.boot.context.config.ConfigFileApplicationListener$Loader.loadDocuments(ConfigFileApplicationListener.java:562)
	at org.springframework.boot.context.config.ConfigFileApplicationListener$Loader.load(ConfigFileApplicationListener.java:518)
	... 28 common frames omitted
2023-07-03 16:10:48.339 [main] INFO  com.vip.file.FileApplication - Starting FileApplication on XiaoXinAir14ITL2021 with PID 21860 (D:\javacode\workspace\zg-bank-backend-management\target\classes started by zhongGuan-Mwj in D:\javacode\workspace\zg-bank-backend-management)
2023-07-03 16:10:48.343 [main] INFO  com.vip.file.FileApplication - The following profiles are active: dev
2023-07-03 16:10:49.376 [main] INFO  o.s.c.s.PostProcessorRegistrationDelegate$BeanPostProcessorChecker - Bean 'org.springframework.transaction.annotation.ProxyTransactionManagementConfiguration' of type [org.springframework.transaction.annotation.ProxyTransactionManagementConfiguration] is not eligible for getting processed by all BeanPostProcessors (for example: not eligible for auto-proxying)
2023-07-03 16:10:49.741 [main] INFO  o.s.boot.web.embedded.tomcat.TomcatWebServer - Tomcat initialized with port(s): 9555 (http)
2023-07-03 16:10:49.749 [main] INFO  org.apache.coyote.http11.Http11NioProtocol - Initializing ProtocolHandler ["http-nio-9555"]
2023-07-03 16:10:49.749 [main] INFO  org.apache.catalina.core.StandardService - Starting service [Tomcat]
2023-07-03 16:10:49.749 [main] INFO  org.apache.catalina.core.StandardEngine - Starting Servlet engine: [Apache Tomcat/9.0.29]
2023-07-03 16:10:49.854 [main] INFO  o.a.c.core.ContainerBase.[Tomcat].[localhost].[/] - Initializing Spring embedded WebApplicationContext
2023-07-03 16:10:49.854 [main] INFO  org.springframework.web.context.ContextLoader - Root WebApplicationContext: initialization completed in 1468 ms
2023-07-03 16:10:49.922 [main] INFO  c.a.d.s.b.a.DruidDataSourceAutoConfigure - Init DruidDataSource
2023-07-03 16:10:50.046 [main] INFO  com.alibaba.druid.pool.DruidDataSource - {dataSource-1} inited
2023-07-03 16:10:51.443 [main] INFO  o.s.scheduling.concurrent.ThreadPoolTaskScheduler - Initializing ExecutorService 'taskScheduler'
2023-07-03 16:10:51.918 [main] INFO  s.d.s.w.PropertySourcedRequestMappingHandlerMapping - Mapped URL path [/v2/api-docs] onto method [springfox.documentation.swagger2.web.Swagger2Controller#getDocumentation(String, HttpServletRequest)]
2023-07-03 16:10:52.035 [main] INFO  o.s.scheduling.concurrent.ThreadPoolTaskExecutor - Initializing ExecutorService 'applicationTaskExecutor'
2023-07-03 16:10:52.278 [main] INFO  s.d.s.web.plugins.DocumentationPluginsBootstrapper - Context refreshed
2023-07-03 16:10:52.293 [main] INFO  s.d.s.web.plugins.DocumentationPluginsBootstrapper - Found 1 custom documentation plugin(s)
2023-07-03 16:10:52.322 [main] INFO  s.d.spring.web.scanners.ApiListingReferenceScanner - Scanning for api listing references
2023-07-03 16:10:52.469 [main] INFO  s.d.s.w.r.operation.CachingOperationNameGenerator - Generating unique operation named: viewFilesImageUsingGET_1
2023-07-03 16:10:52.574 [main] INFO  org.apache.coyote.http11.Http11NioProtocol - Starting ProtocolHandler ["http-nio-9555"]
2023-07-03 16:10:52.599 [main] INFO  o.s.boot.web.embedded.tomcat.TomcatWebServer - Tomcat started on port(s): 9555 (http) with context path ''
2023-07-03 16:10:52.603 [main] INFO  com.vip.file.FileApplication - Started FileApplication in 4.756 seconds (JVM running for 5.937)
2023-07-03 16:11:01.597 [main] INFO  com.vip.file.FileApplication - Starting FileApplication on XiaoXinAir14ITL2021 with PID 23584 (D:\javacode\workspace\zg-bank-backend-management\target\classes started by zhongGuan-Mwj in D:\javacode\workspace\zg-bank-backend-management)
2023-07-03 16:11:01.598 [main] INFO  com.vip.file.FileApplication - The following profiles are active: dev
2023-07-03 16:11:02.523 [main] INFO  o.s.c.s.PostProcessorRegistrationDelegate$BeanPostProcessorChecker - Bean 'org.springframework.transaction.annotation.ProxyTransactionManagementConfiguration' of type [org.springframework.transaction.annotation.ProxyTransactionManagementConfiguration] is not eligible for getting processed by all BeanPostProcessors (for example: not eligible for auto-proxying)
2023-07-03 16:11:02.874 [main] INFO  o.s.boot.web.embedded.tomcat.TomcatWebServer - Tomcat initialized with port(s): 9555 (http)
2023-07-03 16:11:02.882 [main] INFO  org.apache.coyote.http11.Http11NioProtocol - Initializing ProtocolHandler ["http-nio-9555"]
2023-07-03 16:11:02.882 [main] INFO  org.apache.catalina.core.StandardService - Starting service [Tomcat]
2023-07-03 16:11:02.882 [main] INFO  org.apache.catalina.core.StandardEngine - Starting Servlet engine: [Apache Tomcat/9.0.29]
2023-07-03 16:11:02.985 [main] INFO  o.a.c.core.ContainerBase.[Tomcat].[localhost].[/] - Initializing Spring embedded WebApplicationContext
2023-07-03 16:11:02.985 [main] INFO  org.springframework.web.context.ContextLoader - Root WebApplicationContext: initialization completed in 1354 ms
2023-07-03 16:11:03.053 [main] INFO  c.a.d.s.b.a.DruidDataSourceAutoConfigure - Init DruidDataSource
2023-07-03 16:11:03.174 [main] INFO  com.alibaba.druid.pool.DruidDataSource - {dataSource-1} inited
2023-07-03 16:11:04.283 [main] INFO  o.s.scheduling.concurrent.ThreadPoolTaskScheduler - Initializing ExecutorService 'taskScheduler'
2023-07-03 16:11:04.746 [main] INFO  s.d.s.w.PropertySourcedRequestMappingHandlerMapping - Mapped URL path [/v2/api-docs] onto method [springfox.documentation.swagger2.web.Swagger2Controller#getDocumentation(String, HttpServletRequest)]
2023-07-03 16:11:04.858 [main] INFO  o.s.scheduling.concurrent.ThreadPoolTaskExecutor - Initializing ExecutorService 'applicationTaskExecutor'
2023-07-03 16:11:05.095 [main] INFO  s.d.s.web.plugins.DocumentationPluginsBootstrapper - Context refreshed
2023-07-03 16:11:05.107 [main] INFO  s.d.s.web.plugins.DocumentationPluginsBootstrapper - Found 1 custom documentation plugin(s)
2023-07-03 16:11:05.134 [main] INFO  s.d.spring.web.scanners.ApiListingReferenceScanner - Scanning for api listing references
2023-07-03 16:11:05.272 [main] INFO  s.d.s.w.r.operation.CachingOperationNameGenerator - Generating unique operation named: viewFilesImageUsingGET_1
2023-07-03 16:11:05.368 [main] INFO  org.apache.coyote.http11.Http11NioProtocol - Starting ProtocolHandler ["http-nio-9555"]
2023-07-03 16:11:05.389 [main] INFO  o.s.boot.web.embedded.tomcat.TomcatWebServer - Tomcat started on port(s): 9555 (http) with context path ''
2023-07-03 16:11:05.392 [main] INFO  com.vip.file.FileApplication - Started FileApplication in 4.513 seconds (JVM running for 5.752)
2023-07-03 16:12:17.484 [scheduling-1] ERROR com.vip.file.service.impl.FileCleanServiceImpl - 
### Error querying database.  Cause: java.sql.SQLSyntaxErrorException: Unknown column 'disk_percentage' in 'field list'
### The error may exist in file [D:\javacode\workspace\zg-bank-backend-management\target\classes\mapper\FileCleanMapper.xml]
### The error may involve defaultParameterMap
### The error occurred while setting parameters
### SQL: select disk_percentage,clean_percentage  from file_clean
### Cause: java.sql.SQLSyntaxErrorException: Unknown column 'disk_percentage' in 'field list'
; bad SQL grammar []; nested exception is java.sql.SQLSyntaxErrorException: Unknown column 'disk_percentage' in 'field list'
org.springframework.jdbc.BadSqlGrammarException: 
### Error querying database.  Cause: java.sql.SQLSyntaxErrorException: Unknown column 'disk_percentage' in 'field list'
### The error may exist in file [D:\javacode\workspace\zg-bank-backend-management\target\classes\mapper\FileCleanMapper.xml]
### The error may involve defaultParameterMap
### The error occurred while setting parameters
### SQL: select disk_percentage,clean_percentage  from file_clean
### Cause: java.sql.SQLSyntaxErrorException: Unknown column 'disk_percentage' in 'field list'
; bad SQL grammar []; nested exception is java.sql.SQLSyntaxErrorException: Unknown column 'disk_percentage' in 'field list'
	at org.springframework.jdbc.support.SQLErrorCodeSQLExceptionTranslator.doTranslate(SQLErrorCodeSQLExceptionTranslator.java:235)
	at org.springframework.jdbc.support.AbstractFallbackSQLExceptionTranslator.translate(AbstractFallbackSQLExceptionTranslator.java:72)
	at org.mybatis.spring.MyBatisExceptionTranslator.translateExceptionIfPossible(MyBatisExceptionTranslator.java:88)
	at org.mybatis.spring.SqlSessionTemplate$SqlSessionInterceptor.invoke(SqlSessionTemplate.java:440)
	at com.sun.proxy.$Proxy103.selectOne(Unknown Source)
	at org.mybatis.spring.SqlSessionTemplate.selectOne(SqlSessionTemplate.java:159)
	at com.baomidou.mybatisplus.core.override.MybatisMapperMethod.execute(MybatisMapperMethod.java:108)
	at com.baomidou.mybatisplus.core.override.MybatisMapperProxy.invoke(MybatisMapperProxy.java:96)
	at com.sun.proxy.$Proxy125.getFileClean(Unknown Source)
	at sun.reflect.NativeMethodAccessorImpl.invoke0(Native Method)
	at sun.reflect.NativeMethodAccessorImpl.invoke(NativeMethodAccessorImpl.java:62)
	at sun.reflect.DelegatingMethodAccessorImpl.invoke(DelegatingMethodAccessorImpl.java:43)
	at java.lang.reflect.Method.invoke(Method.java:483)
	at org.springframework.aop.support.AopUtils.invokeJoinpointUsingReflection(AopUtils.java:344)
	at org.springframework.aop.framework.ReflectiveMethodInvocation.invokeJoinpoint(ReflectiveMethodInvocation.java:198)
	at org.springframework.aop.framework.ReflectiveMethodInvocation.proceed(ReflectiveMethodInvocation.java:163)
	at org.springframework.dao.support.PersistenceExceptionTranslationInterceptor.invoke(PersistenceExceptionTranslationInterceptor.java:139)
	at org.springframework.aop.framework.ReflectiveMethodInvocation.proceed(ReflectiveMethodInvocation.java:186)
	at org.springframework.aop.framework.JdkDynamicAopProxy.invoke(JdkDynamicAopProxy.java:212)
	at com.sun.proxy.$Proxy126.getFileClean(Unknown Source)
	at com.vip.file.service.impl.FileCleanServiceImpl.getFileClean(FileCleanServiceImpl.java:28)
	at com.vip.file.quartz.FileCleanSchedule.fileClean(FileCleanSchedule.java:57)
	at sun.reflect.NativeMethodAccessorImpl.invoke0(Native Method)
	at sun.reflect.NativeMethodAccessorImpl.invoke(NativeMethodAccessorImpl.java:62)
	at sun.reflect.DelegatingMethodAccessorImpl.invoke(DelegatingMethodAccessorImpl.java:43)
	at java.lang.reflect.Method.invoke(Method.java:483)
	at org.springframework.scheduling.support.ScheduledMethodRunnable.run(ScheduledMethodRunnable.java:84)
	at org.springframework.scheduling.support.DelegatingErrorHandlingRunnable.run(DelegatingErrorHandlingRunnable.java:54)
	at org.springframework.scheduling.concurrent.ReschedulingRunnable.run(ReschedulingRunnable.java:93)
	at java.util.concurrent.Executors$RunnableAdapter.call(Executors.java:511)
	at java.util.concurrent.FutureTask.run(FutureTask.java:266)
	at java.util.concurrent.ScheduledThreadPoolExecutor$ScheduledFutureTask.access$201(ScheduledThreadPoolExecutor.java:180)
	at java.util.concurrent.ScheduledThreadPoolExecutor$ScheduledFutureTask.run(ScheduledThreadPoolExecutor.java:293)
	at java.util.concurrent.ThreadPoolExecutor.runWorker(ThreadPoolExecutor.java:1142)
	at java.util.concurrent.ThreadPoolExecutor$Worker.run(ThreadPoolExecutor.java:617)
	at java.lang.Thread.run(Thread.java:745)
Caused by: java.sql.SQLSyntaxErrorException: Unknown column 'disk_percentage' in 'field list'
	at com.mysql.cj.jdbc.exceptions.SQLError.createSQLException(SQLError.java:120)
	at com.mysql.cj.jdbc.exceptions.SQLError.createSQLException(SQLError.java:97)
	at com.mysql.cj.jdbc.exceptions.SQLExceptionsMapping.translateException(SQLExceptionsMapping.java:122)
	at com.mysql.cj.jdbc.ClientPreparedStatement.executeInternal(ClientPreparedStatement.java:974)
	at com.mysql.cj.jdbc.ClientPreparedStatement.execute(ClientPreparedStatement.java:391)
	at com.alibaba.druid.pool.DruidPooledPreparedStatement.execute(DruidPooledPreparedStatement.java:497)
	at org.apache.ibatis.executor.statement.PreparedStatementHandler.query(PreparedStatementHandler.java:64)
	at org.apache.ibatis.executor.statement.RoutingStatementHandler.query(RoutingStatementHandler.java:79)
	at com.baomidou.mybatisplus.core.executor.MybatisSimpleExecutor.doQuery(MybatisSimpleExecutor.java:67)
	at org.apache.ibatis.executor.BaseExecutor.queryFromDatabase(BaseExecutor.java:324)
	at org.apache.ibatis.executor.BaseExecutor.query(BaseExecutor.java:156)
	at com.baomidou.mybatisplus.core.executor.MybatisCachingExecutor.query(MybatisCachingExecutor.java:155)
	at com.github.pagehelper.PageInterceptor.intercept(PageInterceptor.java:108)
	at org.apache.ibatis.plugin.Plugin.invoke(Plugin.java:61)
	at com.sun.proxy.$Proxy169.query(Unknown Source)
	at org.apache.ibatis.session.defaults.DefaultSqlSession.selectList(DefaultSqlSession.java:147)
	at org.apache.ibatis.session.defaults.DefaultSqlSession.selectList(DefaultSqlSession.java:140)
	at org.apache.ibatis.session.defaults.DefaultSqlSession.selectOne(DefaultSqlSession.java:76)
	at sun.reflect.NativeMethodAccessorImpl.invoke0(Native Method)
	at sun.reflect.NativeMethodAccessorImpl.invoke(NativeMethodAccessorImpl.java:62)
	at sun.reflect.DelegatingMethodAccessorImpl.invoke(DelegatingMethodAccessorImpl.java:43)
	at java.lang.reflect.Method.invoke(Method.java:483)
	at org.mybatis.spring.SqlSessionTemplate$SqlSessionInterceptor.invoke(SqlSessionTemplate.java:426)
	... 32 common frames omitted
2023-07-03 16:13:45.475 [scheduling-1] ERROR o.s.s.support.TaskUtils$LoggingErrorHandler - Unexpected error occurred in scheduled task
java.lang.NullPointerException: null
	at com.vip.file.quartz.FileCleanSchedule.fileClean(FileCleanSchedule.java:59)
	at sun.reflect.NativeMethodAccessorImpl.invoke0(Native Method)
	at sun.reflect.NativeMethodAccessorImpl.invoke(NativeMethodAccessorImpl.java:62)
	at sun.reflect.DelegatingMethodAccessorImpl.invoke(DelegatingMethodAccessorImpl.java:43)
	at java.lang.reflect.Method.invoke(Method.java:483)
	at org.springframework.scheduling.support.ScheduledMethodRunnable.run(ScheduledMethodRunnable.java:84)
	at org.springframework.scheduling.support.DelegatingErrorHandlingRunnable.run(DelegatingErrorHandlingRunnable.java:54)
	at org.springframework.scheduling.concurrent.ReschedulingRunnable.run(ReschedulingRunnable.java:93)
	at java.util.concurrent.Executors$RunnableAdapter.call(Executors.java:511)
	at java.util.concurrent.FutureTask.run(FutureTask.java:266)
	at java.util.concurrent.ScheduledThreadPoolExecutor$ScheduledFutureTask.access$201(ScheduledThreadPoolExecutor.java:180)
	at java.util.concurrent.ScheduledThreadPoolExecutor$ScheduledFutureTask.run(ScheduledThreadPoolExecutor.java:293)
	at java.util.concurrent.ThreadPoolExecutor.runWorker(ThreadPoolExecutor.java:1142)
	at java.util.concurrent.ThreadPoolExecutor$Worker.run(ThreadPoolExecutor.java:617)
	at java.lang.Thread.run(Thread.java:745)
2023-07-03 16:13:48.079 [main] INFO  com.vip.file.FileApplication - Starting FileApplication on XiaoXinAir14ITL2021 with PID 1084 (D:\javacode\workspace\zg-bank-backend-management\target\classes started by zhongGuan-Mwj in D:\javacode\workspace\zg-bank-backend-management)
2023-07-03 16:13:48.081 [main] INFO  com.vip.file.FileApplication - The following profiles are active: dev
2023-07-03 16:13:49.041 [main] INFO  o.s.c.s.PostProcessorRegistrationDelegate$BeanPostProcessorChecker - Bean 'org.springframework.transaction.annotation.ProxyTransactionManagementConfiguration' of type [org.springframework.transaction.annotation.ProxyTransactionManagementConfiguration] is not eligible for getting processed by all BeanPostProcessors (for example: not eligible for auto-proxying)
2023-07-03 16:13:49.394 [main] INFO  o.s.boot.web.embedded.tomcat.TomcatWebServer - Tomcat initialized with port(s): 9555 (http)
2023-07-03 16:13:49.413 [main] INFO  org.apache.coyote.http11.Http11NioProtocol - Initializing ProtocolHandler ["http-nio-9555"]
2023-07-03 16:13:49.413 [main] INFO  org.apache.catalina.core.StandardService - Starting service [Tomcat]
2023-07-03 16:13:49.413 [main] INFO  org.apache.catalina.core.StandardEngine - Starting Servlet engine: [Apache Tomcat/9.0.29]
2023-07-03 16:13:49.503 [main] INFO  o.a.c.core.ContainerBase.[Tomcat].[localhost].[/] - Initializing Spring embedded WebApplicationContext
2023-07-03 16:13:49.503 [main] INFO  org.springframework.web.context.ContextLoader - Root WebApplicationContext: initialization completed in 1385 ms
2023-07-03 16:13:49.572 [main] INFO  c.a.d.s.b.a.DruidDataSourceAutoConfigure - Init DruidDataSource
2023-07-03 16:13:49.690 [main] INFO  com.alibaba.druid.pool.DruidDataSource - {dataSource-1} inited
2023-07-03 16:13:51.048 [main] INFO  o.s.scheduling.concurrent.ThreadPoolTaskScheduler - Initializing ExecutorService 'taskScheduler'
2023-07-03 16:13:51.509 [main] INFO  s.d.s.w.PropertySourcedRequestMappingHandlerMapping - Mapped URL path [/v2/api-docs] onto method [springfox.documentation.swagger2.web.Swagger2Controller#getDocumentation(String, HttpServletRequest)]
2023-07-03 16:13:51.623 [main] INFO  o.s.scheduling.concurrent.ThreadPoolTaskExecutor - Initializing ExecutorService 'applicationTaskExecutor'
2023-07-03 16:13:51.860 [main] INFO  s.d.s.web.plugins.DocumentationPluginsBootstrapper - Context refreshed
2023-07-03 16:13:51.873 [main] INFO  s.d.s.web.plugins.DocumentationPluginsBootstrapper - Found 1 custom documentation plugin(s)
2023-07-03 16:13:51.902 [main] INFO  s.d.spring.web.scanners.ApiListingReferenceScanner - Scanning for api listing references
2023-07-03 16:13:52.047 [main] INFO  s.d.s.w.r.operation.CachingOperationNameGenerator - Generating unique operation named: viewFilesImageUsingGET_1
2023-07-03 16:13:52.147 [main] INFO  org.apache.coyote.http11.Http11NioProtocol - Starting ProtocolHandler ["http-nio-9555"]
2023-07-03 16:13:52.167 [main] INFO  o.s.boot.web.embedded.tomcat.TomcatWebServer - Tomcat started on port(s): 9555 (http) with context path ''
2023-07-03 16:13:52.170 [main] INFO  com.vip.file.FileApplication - Started FileApplication in 4.49 seconds (JVM running for 5.64)
2023-07-03 16:15:25.034 [scheduling-1] ERROR o.s.s.support.TaskUtils$LoggingErrorHandler - Unexpected error occurred in scheduled task
java.lang.NullPointerException: null
	at com.vip.file.quartz.FileCleanSchedule.fileClean(FileCleanSchedule.java:59)
	at sun.reflect.NativeMethodAccessorImpl.invoke0(Native Method)
	at sun.reflect.NativeMethodAccessorImpl.invoke(NativeMethodAccessorImpl.java:62)
	at sun.reflect.DelegatingMethodAccessorImpl.invoke(DelegatingMethodAccessorImpl.java:43)
	at java.lang.reflect.Method.invoke(Method.java:483)
	at org.springframework.scheduling.support.ScheduledMethodRunnable.run(ScheduledMethodRunnable.java:84)
	at org.springframework.scheduling.support.DelegatingErrorHandlingRunnable.run(DelegatingErrorHandlingRunnable.java:54)
	at org.springframework.scheduling.concurrent.ReschedulingRunnable.run(ReschedulingRunnable.java:93)
	at java.util.concurrent.Executors$RunnableAdapter.call(Executors.java:511)
	at java.util.concurrent.FutureTask.run(FutureTask.java:266)
	at java.util.concurrent.ScheduledThreadPoolExecutor$ScheduledFutureTask.access$201(ScheduledThreadPoolExecutor.java:180)
	at java.util.concurrent.ScheduledThreadPoolExecutor$ScheduledFutureTask.run(ScheduledThreadPoolExecutor.java:293)
	at java.util.concurrent.ThreadPoolExecutor.runWorker(ThreadPoolExecutor.java:1142)
	at java.util.concurrent.ThreadPoolExecutor$Worker.run(ThreadPoolExecutor.java:617)
	at java.lang.Thread.run(Thread.java:745)
2023-07-03 16:16:00.410 [main] INFO  com.vip.file.FileApplication - Starting FileApplication on XiaoXinAir14ITL2021 with PID 21352 (D:\javacode\workspace\zg-bank-backend-management\target\classes started by zhongGuan-Mwj in D:\javacode\workspace\zg-bank-backend-management)
2023-07-03 16:16:00.412 [main] INFO  com.vip.file.FileApplication - The following profiles are active: dev
2023-07-03 16:16:01.372 [main] INFO  o.s.c.s.PostProcessorRegistrationDelegate$BeanPostProcessorChecker - Bean 'org.springframework.transaction.annotation.ProxyTransactionManagementConfiguration' of type [org.springframework.transaction.annotation.ProxyTransactionManagementConfiguration] is not eligible for getting processed by all BeanPostProcessors (for example: not eligible for auto-proxying)
2023-07-03 16:16:01.717 [main] INFO  o.s.boot.web.embedded.tomcat.TomcatWebServer - Tomcat initialized with port(s): 9555 (http)
2023-07-03 16:16:01.724 [main] INFO  org.apache.coyote.http11.Http11NioProtocol - Initializing ProtocolHandler ["http-nio-9555"]
2023-07-03 16:16:01.724 [main] INFO  org.apache.catalina.core.StandardService - Starting service [Tomcat]
2023-07-03 16:16:01.724 [main] INFO  org.apache.catalina.core.StandardEngine - Starting Servlet engine: [Apache Tomcat/9.0.29]
2023-07-03 16:16:01.828 [main] INFO  o.a.c.core.ContainerBase.[Tomcat].[localhost].[/] - Initializing Spring embedded WebApplicationContext
2023-07-03 16:16:01.828 [main] INFO  org.springframework.web.context.ContextLoader - Root WebApplicationContext: initialization completed in 1374 ms
2023-07-03 16:16:01.896 [main] INFO  c.a.d.s.b.a.DruidDataSourceAutoConfigure - Init DruidDataSource
2023-07-03 16:16:02.016 [main] INFO  com.alibaba.druid.pool.DruidDataSource - {dataSource-1} inited
2023-07-03 16:16:03.372 [main] INFO  o.s.scheduling.concurrent.ThreadPoolTaskScheduler - Initializing ExecutorService 'taskScheduler'
2023-07-03 16:16:03.838 [main] INFO  s.d.s.w.PropertySourcedRequestMappingHandlerMapping - Mapped URL path [/v2/api-docs] onto method [springfox.documentation.swagger2.web.Swagger2Controller#getDocumentation(String, HttpServletRequest)]
2023-07-03 16:16:03.954 [main] INFO  o.s.scheduling.concurrent.ThreadPoolTaskExecutor - Initializing ExecutorService 'applicationTaskExecutor'
2023-07-03 16:16:04.200 [main] INFO  s.d.s.web.plugins.DocumentationPluginsBootstrapper - Context refreshed
2023-07-03 16:16:04.213 [main] INFO  s.d.s.web.plugins.DocumentationPluginsBootstrapper - Found 1 custom documentation plugin(s)
2023-07-03 16:16:04.241 [main] INFO  s.d.spring.web.scanners.ApiListingReferenceScanner - Scanning for api listing references
2023-07-03 16:16:04.383 [main] INFO  s.d.s.w.r.operation.CachingOperationNameGenerator - Generating unique operation named: viewFilesImageUsingGET_1
2023-07-03 16:16:04.507 [main] INFO  org.apache.coyote.http11.Http11NioProtocol - Starting ProtocolHandler ["http-nio-9555"]
2023-07-03 16:16:04.537 [main] INFO  o.s.boot.web.embedded.tomcat.TomcatWebServer - Tomcat started on port(s): 9555 (http) with context path ''
2023-07-03 16:16:04.540 [main] INFO  com.vip.file.FileApplication - Started FileApplication in 4.504 seconds (JVM running for 5.706)
2023-07-03 16:18:45.889 [main] INFO  com.vip.file.FileApplication - Starting FileApplication on XiaoXinAir14ITL2021 with PID 17308 (D:\javacode\workspace\zg-bank-backend-management\target\classes started by zhongGuan-Mwj in D:\javacode\workspace\zg-bank-backend-management)
2023-07-03 16:18:45.892 [main] INFO  com.vip.file.FileApplication - The following profiles are active: dev
2023-07-03 16:18:47.024 [main] INFO  o.s.c.s.PostProcessorRegistrationDelegate$BeanPostProcessorChecker - Bean 'org.springframework.transaction.annotation.ProxyTransactionManagementConfiguration' of type [org.springframework.transaction.annotation.ProxyTransactionManagementConfiguration] is not eligible for getting processed by all BeanPostProcessors (for example: not eligible for auto-proxying)
2023-07-03 16:18:47.423 [main] INFO  o.s.boot.web.embedded.tomcat.TomcatWebServer - Tomcat initialized with port(s): 9555 (http)
2023-07-03 16:18:47.434 [main] INFO  org.apache.coyote.http11.Http11NioProtocol - Initializing ProtocolHandler ["http-nio-9555"]
2023-07-03 16:18:47.435 [main] INFO  org.apache.catalina.core.StandardService - Starting service [Tomcat]
2023-07-03 16:18:47.435 [main] INFO  org.apache.catalina.core.StandardEngine - Starting Servlet engine: [Apache Tomcat/9.0.29]
2023-07-03 16:18:47.548 [main] INFO  o.a.c.core.ContainerBase.[Tomcat].[localhost].[/] - Initializing Spring embedded WebApplicationContext
2023-07-03 16:18:47.548 [main] INFO  org.springframework.web.context.ContextLoader - Root WebApplicationContext: initialization completed in 1595 ms
2023-07-03 16:18:47.638 [main] INFO  c.a.d.s.b.a.DruidDataSourceAutoConfigure - Init DruidDataSource
2023-07-03 16:18:47.790 [main] INFO  com.alibaba.druid.pool.DruidDataSource - {dataSource-1} inited
2023-07-03 16:18:49.295 [main] INFO  o.s.scheduling.concurrent.ThreadPoolTaskScheduler - Initializing ExecutorService 'taskScheduler'
2023-07-03 16:18:49.786 [main] INFO  s.d.s.w.PropertySourcedRequestMappingHandlerMapping - Mapped URL path [/v2/api-docs] onto method [springfox.documentation.swagger2.web.Swagger2Controller#getDocumentation(String, HttpServletRequest)]
2023-07-03 16:18:49.907 [main] INFO  o.s.scheduling.concurrent.ThreadPoolTaskExecutor - Initializing ExecutorService 'applicationTaskExecutor'
2023-07-03 16:18:50.163 [main] INFO  s.d.s.web.plugins.DocumentationPluginsBootstrapper - Context refreshed
2023-07-03 16:18:50.174 [main] INFO  s.d.s.web.plugins.DocumentationPluginsBootstrapper - Found 1 custom documentation plugin(s)
2023-07-03 16:18:50.205 [main] INFO  s.d.spring.web.scanners.ApiListingReferenceScanner - Scanning for api listing references
2023-07-03 16:18:50.351 [main] INFO  s.d.s.w.r.operation.CachingOperationNameGenerator - Generating unique operation named: viewFilesImageUsingGET_1
2023-07-03 16:18:50.457 [main] INFO  org.apache.coyote.http11.Http11NioProtocol - Starting ProtocolHandler ["http-nio-9555"]
2023-07-03 16:18:50.480 [main] INFO  o.s.boot.web.embedded.tomcat.TomcatWebServer - Tomcat started on port(s): 9555 (http) with context path ''
2023-07-03 16:18:50.483 [main] INFO  com.vip.file.FileApplication - Started FileApplication in 5.159 seconds (JVM running for 6.512)
2023-07-03 16:24:09.295 [main] INFO  com.vip.file.FileApplication - Starting FileApplication on XiaoXinAir14ITL2021 with PID 5432 (D:\javacode\workspace\zg-bank-backend-management\target\classes started by zhongGuan-Mwj in D:\javacode\workspace\zg-bank-backend-management)
2023-07-03 16:24:09.297 [main] INFO  com.vip.file.FileApplication - The following profiles are active: dev
2023-07-03 16:24:10.307 [main] INFO  o.s.c.s.PostProcessorRegistrationDelegate$BeanPostProcessorChecker - Bean 'org.springframework.transaction.annotation.ProxyTransactionManagementConfiguration' of type [org.springframework.transaction.annotation.ProxyTransactionManagementConfiguration] is not eligible for getting processed by all BeanPostProcessors (for example: not eligible for auto-proxying)
2023-07-03 16:24:10.680 [main] INFO  o.s.boot.web.embedded.tomcat.TomcatWebServer - Tomcat initialized with port(s): 9555 (http)
2023-07-03 16:24:10.688 [main] INFO  org.apache.coyote.http11.Http11NioProtocol - Initializing ProtocolHandler ["http-nio-9555"]
2023-07-03 16:24:10.689 [main] INFO  org.apache.catalina.core.StandardService - Starting service [Tomcat]
2023-07-03 16:24:10.689 [main] INFO  org.apache.catalina.core.StandardEngine - Starting Servlet engine: [Apache Tomcat/9.0.29]
2023-07-03 16:24:10.801 [main] INFO  o.a.c.core.ContainerBase.[Tomcat].[localhost].[/] - Initializing Spring embedded WebApplicationContext
2023-07-03 16:24:10.801 [main] INFO  org.springframework.web.context.ContextLoader - Root WebApplicationContext: initialization completed in 1467 ms
2023-07-03 16:24:10.876 [main] INFO  c.a.d.s.b.a.DruidDataSourceAutoConfigure - Init DruidDataSource
2023-07-03 16:24:11.003 [main] INFO  com.alibaba.druid.pool.DruidDataSource - {dataSource-1} inited
2023-07-03 16:24:12.425 [main] INFO  o.s.scheduling.concurrent.ThreadPoolTaskScheduler - Initializing ExecutorService 'taskScheduler'
2023-07-03 16:24:12.933 [main] INFO  s.d.s.w.PropertySourcedRequestMappingHandlerMapping - Mapped URL path [/v2/api-docs] onto method [springfox.documentation.swagger2.web.Swagger2Controller#getDocumentation(String, HttpServletRequest)]
2023-07-03 16:24:13.062 [main] INFO  o.s.scheduling.concurrent.ThreadPoolTaskExecutor - Initializing ExecutorService 'applicationTaskExecutor'
2023-07-03 16:24:13.462 [main] INFO  s.d.s.web.plugins.DocumentationPluginsBootstrapper - Context refreshed
2023-07-03 16:24:13.492 [main] INFO  s.d.s.web.plugins.DocumentationPluginsBootstrapper - Found 1 custom documentation plugin(s)
2023-07-03 16:24:13.556 [main] INFO  s.d.spring.web.scanners.ApiListingReferenceScanner - Scanning for api listing references
2023-07-03 16:24:13.798 [main] INFO  s.d.s.w.r.operation.CachingOperationNameGenerator - Generating unique operation named: viewFilesImageUsingGET_1
2023-07-03 16:24:13.971 [main] INFO  org.apache.coyote.http11.Http11NioProtocol - Starting ProtocolHandler ["http-nio-9555"]
2023-07-03 16:24:14.009 [main] INFO  o.s.boot.web.embedded.tomcat.TomcatWebServer - Tomcat started on port(s): 9555 (http) with context path ''
2023-07-03 16:24:14.017 [main] INFO  com.vip.file.FileApplication - Started FileApplication in 5.064 seconds (JVM running for 6.465)
2023-07-03 16:28:36.014 [main] INFO  com.vip.file.FileApplication - Starting FileApplication on XiaoXinAir14ITL2021 with PID 9004 (D:\javacode\workspace\zg-bank-backend-management\target\classes started by zhongGuan-Mwj in D:\javacode\workspace\zg-bank-backend-management)
2023-07-03 16:28:36.018 [main] INFO  com.vip.file.FileApplication - The following profiles are active: dev
2023-07-03 16:28:37.059 [main] INFO  o.s.c.s.PostProcessorRegistrationDelegate$BeanPostProcessorChecker - Bean 'org.springframework.transaction.annotation.ProxyTransactionManagementConfiguration' of type [org.springframework.transaction.annotation.ProxyTransactionManagementConfiguration] is not eligible for getting processed by all BeanPostProcessors (for example: not eligible for auto-proxying)
2023-07-03 16:28:37.436 [main] INFO  o.s.boot.web.embedded.tomcat.TomcatWebServer - Tomcat initialized with port(s): 9555 (http)
2023-07-03 16:28:37.443 [main] INFO  org.apache.coyote.http11.Http11NioProtocol - Initializing ProtocolHandler ["http-nio-9555"]
2023-07-03 16:28:37.444 [main] INFO  org.apache.catalina.core.StandardService - Starting service [Tomcat]
2023-07-03 16:28:37.444 [main] INFO  org.apache.catalina.core.StandardEngine - Starting Servlet engine: [Apache Tomcat/9.0.29]
2023-07-03 16:28:37.538 [main] INFO  o.a.c.core.ContainerBase.[Tomcat].[localhost].[/] - Initializing Spring embedded WebApplicationContext
2023-07-03 16:28:37.539 [main] INFO  org.springframework.web.context.ContextLoader - Root WebApplicationContext: initialization completed in 1477 ms
2023-07-03 16:28:37.613 [main] INFO  c.a.d.s.b.a.DruidDataSourceAutoConfigure - Init DruidDataSource
2023-07-03 16:28:37.741 [main] INFO  com.alibaba.druid.pool.DruidDataSource - {dataSource-1} inited
2023-07-03 16:28:39.141 [main] INFO  o.s.scheduling.concurrent.ThreadPoolTaskScheduler - Initializing ExecutorService 'taskScheduler'
2023-07-03 16:28:39.678 [main] INFO  s.d.s.w.PropertySourcedRequestMappingHandlerMapping - Mapped URL path [/v2/api-docs] onto method [springfox.documentation.swagger2.web.Swagger2Controller#getDocumentation(String, HttpServletRequest)]
2023-07-03 16:28:39.827 [main] INFO  o.s.scheduling.concurrent.ThreadPoolTaskExecutor - Initializing ExecutorService 'applicationTaskExecutor'
2023-07-03 16:28:40.115 [main] INFO  s.d.s.web.plugins.DocumentationPluginsBootstrapper - Context refreshed
2023-07-03 16:28:40.129 [main] INFO  s.d.s.web.plugins.DocumentationPluginsBootstrapper - Found 1 custom documentation plugin(s)
2023-07-03 16:28:40.160 [main] INFO  s.d.spring.web.scanners.ApiListingReferenceScanner - Scanning for api listing references
2023-07-03 16:28:40.313 [main] INFO  s.d.s.w.r.operation.CachingOperationNameGenerator - Generating unique operation named: viewFilesImageUsingGET_1
2023-07-03 16:28:40.423 [main] INFO  org.apache.coyote.http11.Http11NioProtocol - Starting ProtocolHandler ["http-nio-9555"]
2023-07-03 16:28:40.446 [main] INFO  o.s.boot.web.embedded.tomcat.TomcatWebServer - Tomcat started on port(s): 9555 (http) with context path ''
2023-07-03 16:28:40.449 [main] INFO  com.vip.file.FileApplication - Started FileApplication in 4.892 seconds (JVM running for 6.387)
2023-07-03 16:30:50.193 [main] INFO  com.vip.file.FileApplication - Starting FileApplication on XiaoXinAir14ITL2021 with PID 25544 (D:\javacode\workspace\zg-bank-backend-management\target\classes started by zhongGuan-Mwj in D:\javacode\workspace\zg-bank-backend-management)
2023-07-03 16:30:50.196 [main] INFO  com.vip.file.FileApplication - The following profiles are active: dev
2023-07-03 16:30:51.235 [main] INFO  o.s.c.s.PostProcessorRegistrationDelegate$BeanPostProcessorChecker - Bean 'org.springframework.transaction.annotation.ProxyTransactionManagementConfiguration' of type [org.springframework.transaction.annotation.ProxyTransactionManagementConfiguration] is not eligible for getting processed by all BeanPostProcessors (for example: not eligible for auto-proxying)
2023-07-03 16:30:51.593 [main] INFO  o.s.boot.web.embedded.tomcat.TomcatWebServer - Tomcat initialized with port(s): 9555 (http)
2023-07-03 16:30:51.603 [main] INFO  org.apache.coyote.http11.Http11NioProtocol - Initializing ProtocolHandler ["http-nio-9555"]
2023-07-03 16:30:51.603 [main] INFO  org.apache.catalina.core.StandardService - Starting service [Tomcat]
2023-07-03 16:30:51.603 [main] INFO  org.apache.catalina.core.StandardEngine - Starting Servlet engine: [Apache Tomcat/9.0.29]
2023-07-03 16:30:51.713 [main] INFO  o.a.c.core.ContainerBase.[Tomcat].[localhost].[/] - Initializing Spring embedded WebApplicationContext
2023-07-03 16:30:51.713 [main] INFO  org.springframework.web.context.ContextLoader - Root WebApplicationContext: initialization completed in 1468 ms
2023-07-03 16:30:51.785 [main] INFO  c.a.d.s.b.a.DruidDataSourceAutoConfigure - Init DruidDataSource
2023-07-03 16:30:51.910 [main] INFO  com.alibaba.druid.pool.DruidDataSource - {dataSource-1} inited
2023-07-03 16:30:53.342 [main] INFO  o.s.scheduling.concurrent.ThreadPoolTaskScheduler - Initializing ExecutorService 'taskScheduler'
2023-07-03 16:30:53.869 [main] INFO  s.d.s.w.PropertySourcedRequestMappingHandlerMapping - Mapped URL path [/v2/api-docs] onto method [springfox.documentation.swagger2.web.Swagger2Controller#getDocumentation(String, HttpServletRequest)]
2023-07-03 16:30:53.989 [main] INFO  o.s.scheduling.concurrent.ThreadPoolTaskExecutor - Initializing ExecutorService 'applicationTaskExecutor'
2023-07-03 16:30:54.249 [main] INFO  s.d.s.web.plugins.DocumentationPluginsBootstrapper - Context refreshed
2023-07-03 16:30:54.262 [main] INFO  s.d.s.web.plugins.DocumentationPluginsBootstrapper - Found 1 custom documentation plugin(s)
2023-07-03 16:30:54.290 [main] INFO  s.d.spring.web.scanners.ApiListingReferenceScanner - Scanning for api listing references
2023-07-03 16:30:54.435 [main] INFO  s.d.s.w.r.operation.CachingOperationNameGenerator - Generating unique operation named: viewFilesImageUsingGET_1
2023-07-03 16:30:54.542 [main] INFO  org.apache.coyote.http11.Http11NioProtocol - Starting ProtocolHandler ["http-nio-9555"]
2023-07-03 16:30:54.564 [main] INFO  o.s.boot.web.embedded.tomcat.TomcatWebServer - Tomcat started on port(s): 9555 (http) with context path ''
2023-07-03 16:30:54.568 [main] INFO  com.vip.file.FileApplication - Started FileApplication in 4.845 seconds (JVM running for 6.093)
2023-07-03 16:32:09.695 [main] INFO  com.vip.file.FileApplication - Starting FileApplication on XiaoXinAir14ITL2021 with PID 2328 (D:\javacode\workspace\zg-bank-backend-management\target\classes started by zhongGuan-Mwj in D:\javacode\workspace\zg-bank-backend-management)
2023-07-03 16:32:09.699 [main] INFO  com.vip.file.FileApplication - The following profiles are active: dev
2023-07-03 16:32:10.690 [main] INFO  o.s.c.s.PostProcessorRegistrationDelegate$BeanPostProcessorChecker - Bean 'org.springframework.transaction.annotation.ProxyTransactionManagementConfiguration' of type [org.springframework.transaction.annotation.ProxyTransactionManagementConfiguration] is not eligible for getting processed by all BeanPostProcessors (for example: not eligible for auto-proxying)
2023-07-03 16:32:11.075 [main] INFO  o.s.boot.web.embedded.tomcat.TomcatWebServer - Tomcat initialized with port(s): 9555 (http)
2023-07-03 16:32:11.084 [main] INFO  org.apache.coyote.http11.Http11NioProtocol - Initializing ProtocolHandler ["http-nio-9555"]
2023-07-03 16:32:11.085 [main] INFO  org.apache.catalina.core.StandardService - Starting service [Tomcat]
2023-07-03 16:32:11.085 [main] INFO  org.apache.catalina.core.StandardEngine - Starting Servlet engine: [Apache Tomcat/9.0.29]
2023-07-03 16:32:11.196 [main] INFO  o.a.c.core.ContainerBase.[Tomcat].[localhost].[/] - Initializing Spring embedded WebApplicationContext
2023-07-03 16:32:11.196 [main] INFO  org.springframework.web.context.ContextLoader - Root WebApplicationContext: initialization completed in 1460 ms
2023-07-03 16:32:11.271 [main] INFO  c.a.d.s.b.a.DruidDataSourceAutoConfigure - Init DruidDataSource
2023-07-03 16:32:11.402 [main] INFO  com.alibaba.druid.pool.DruidDataSource - {dataSource-1} inited
2023-07-03 16:32:12.552 [main] INFO  o.s.scheduling.concurrent.ThreadPoolTaskScheduler - Initializing ExecutorService 'taskScheduler'
2023-07-03 16:32:13.057 [main] INFO  s.d.s.w.PropertySourcedRequestMappingHandlerMapping - Mapped URL path [/v2/api-docs] onto method [springfox.documentation.swagger2.web.Swagger2Controller#getDocumentation(String, HttpServletRequest)]
2023-07-03 16:32:13.184 [main] INFO  o.s.scheduling.concurrent.ThreadPoolTaskExecutor - Initializing ExecutorService 'applicationTaskExecutor'
2023-07-03 16:32:13.439 [main] INFO  s.d.s.web.plugins.DocumentationPluginsBootstrapper - Context refreshed
2023-07-03 16:32:13.452 [main] INFO  s.d.s.web.plugins.DocumentationPluginsBootstrapper - Found 1 custom documentation plugin(s)
2023-07-03 16:32:13.482 [main] INFO  s.d.spring.web.scanners.ApiListingReferenceScanner - Scanning for api listing references
2023-07-03 16:32:13.650 [main] INFO  s.d.s.w.r.operation.CachingOperationNameGenerator - Generating unique operation named: viewFilesImageUsingGET_1
2023-07-03 16:32:13.753 [main] INFO  org.apache.coyote.http11.Http11NioProtocol - Starting ProtocolHandler ["http-nio-9555"]
2023-07-03 16:32:13.775 [main] INFO  o.s.boot.web.embedded.tomcat.TomcatWebServer - Tomcat started on port(s): 9555 (http) with context path ''
2023-07-03 16:32:13.778 [main] INFO  com.vip.file.FileApplication - Started FileApplication in 4.811 seconds (JVM running for 5.996)
2023-07-03 16:38:06.422 [main] INFO  com.vip.file.FileApplication - Starting FileApplication on XiaoXinAir14ITL2021 with PID 20008 (D:\javacode\workspace\zg-bank-backend-management\target\classes started by zhongGuan-Mwj in D:\javacode\workspace\zg-bank-backend-management)
2023-07-03 16:38:06.425 [main] INFO  com.vip.file.FileApplication - The following profiles are active: dev
2023-07-03 16:38:07.420 [main] INFO  o.s.c.s.PostProcessorRegistrationDelegate$BeanPostProcessorChecker - Bean 'org.springframework.transaction.annotation.ProxyTransactionManagementConfiguration' of type [org.springframework.transaction.annotation.ProxyTransactionManagementConfiguration] is not eligible for getting processed by all BeanPostProcessors (for example: not eligible for auto-proxying)
2023-07-03 16:38:07.783 [main] INFO  o.s.boot.web.embedded.tomcat.TomcatWebServer - Tomcat initialized with port(s): 9555 (http)
2023-07-03 16:38:07.791 [main] INFO  org.apache.coyote.http11.Http11NioProtocol - Initializing ProtocolHandler ["http-nio-9555"]
2023-07-03 16:38:07.791 [main] INFO  org.apache.catalina.core.StandardService - Starting service [Tomcat]
2023-07-03 16:38:07.791 [main] INFO  org.apache.catalina.core.StandardEngine - Starting Servlet engine: [Apache Tomcat/9.0.29]
2023-07-03 16:38:07.895 [main] INFO  o.a.c.core.ContainerBase.[Tomcat].[localhost].[/] - Initializing Spring embedded WebApplicationContext
2023-07-03 16:38:07.896 [main] INFO  org.springframework.web.context.ContextLoader - Root WebApplicationContext: initialization completed in 1429 ms
2023-07-03 16:38:07.963 [main] INFO  c.a.d.s.b.a.DruidDataSourceAutoConfigure - Init DruidDataSource
2023-07-03 16:38:08.084 [main] INFO  com.alibaba.druid.pool.DruidDataSource - {dataSource-1} inited
2023-07-03 16:38:09.416 [main] INFO  o.s.scheduling.concurrent.ThreadPoolTaskScheduler - Initializing ExecutorService 'taskScheduler'
2023-07-03 16:38:09.884 [main] INFO  s.d.s.w.PropertySourcedRequestMappingHandlerMapping - Mapped URL path [/v2/api-docs] onto method [springfox.documentation.swagger2.web.Swagger2Controller#getDocumentation(String, HttpServletRequest)]
2023-07-03 16:38:09.995 [main] INFO  o.s.scheduling.concurrent.ThreadPoolTaskExecutor - Initializing ExecutorService 'applicationTaskExecutor'
2023-07-03 16:38:10.230 [main] INFO  s.d.s.web.plugins.DocumentationPluginsBootstrapper - Context refreshed
2023-07-03 16:38:10.241 [main] INFO  s.d.s.web.plugins.DocumentationPluginsBootstrapper - Found 1 custom documentation plugin(s)
2023-07-03 16:38:10.269 [main] INFO  s.d.spring.web.scanners.ApiListingReferenceScanner - Scanning for api listing references
2023-07-03 16:38:10.401 [main] INFO  s.d.s.w.r.operation.CachingOperationNameGenerator - Generating unique operation named: viewFilesImageUsingGET_1
2023-07-03 16:38:10.507 [main] INFO  org.apache.coyote.http11.Http11NioProtocol - Starting ProtocolHandler ["http-nio-9555"]
2023-07-03 16:38:10.529 [main] INFO  o.s.boot.web.embedded.tomcat.TomcatWebServer - Tomcat started on port(s): 9555 (http) with context path ''
2023-07-03 16:38:10.531 [main] INFO  com.vip.file.FileApplication - Started FileApplication in 4.503 seconds (JVM running for 5.641)
2023-07-03 16:40:22.022 [main] INFO  com.vip.file.FileApplication - Starting FileApplication on XiaoXinAir14ITL2021 with PID 14812 (D:\javacode\workspace\zg-bank-backend-management\target\classes started by zhongGuan-Mwj in D:\javacode\workspace\zg-bank-backend-management)
2023-07-03 16:40:22.027 [main] INFO  com.vip.file.FileApplication - The following profiles are active: dev
2023-07-03 16:40:22.992 [main] INFO  o.s.c.s.PostProcessorRegistrationDelegate$BeanPostProcessorChecker - Bean 'org.springframework.transaction.annotation.ProxyTransactionManagementConfiguration' of type [org.springframework.transaction.annotation.ProxyTransactionManagementConfiguration] is not eligible for getting processed by all BeanPostProcessors (for example: not eligible for auto-proxying)
2023-07-03 16:40:23.331 [main] INFO  o.s.boot.web.embedded.tomcat.TomcatWebServer - Tomcat initialized with port(s): 9555 (http)
2023-07-03 16:40:23.339 [main] INFO  org.apache.coyote.http11.Http11NioProtocol - Initializing ProtocolHandler ["http-nio-9555"]
2023-07-03 16:40:23.339 [main] INFO  org.apache.catalina.core.StandardService - Starting service [Tomcat]
2023-07-03 16:40:23.339 [main] INFO  org.apache.catalina.core.StandardEngine - Starting Servlet engine: [Apache Tomcat/9.0.29]
2023-07-03 16:40:23.449 [main] INFO  o.a.c.core.ContainerBase.[Tomcat].[localhost].[/] - Initializing Spring embedded WebApplicationContext
2023-07-03 16:40:23.449 [main] INFO  org.springframework.web.context.ContextLoader - Root WebApplicationContext: initialization completed in 1376 ms
2023-07-03 16:40:23.516 [main] INFO  c.a.d.s.b.a.DruidDataSourceAutoConfigure - Init DruidDataSource
2023-07-03 16:40:23.640 [main] INFO  com.alibaba.druid.pool.DruidDataSource - {dataSource-1} inited
2023-07-03 16:40:25.015 [main] INFO  o.s.scheduling.concurrent.ThreadPoolTaskScheduler - Initializing ExecutorService 'taskScheduler'
2023-07-03 16:40:25.502 [main] INFO  s.d.s.w.PropertySourcedRequestMappingHandlerMapping - Mapped URL path [/v2/api-docs] onto method [springfox.documentation.swagger2.web.Swagger2Controller#getDocumentation(String, HttpServletRequest)]
2023-07-03 16:40:25.613 [main] INFO  o.s.scheduling.concurrent.ThreadPoolTaskExecutor - Initializing ExecutorService 'applicationTaskExecutor'
2023-07-03 16:40:25.862 [main] INFO  s.d.s.web.plugins.DocumentationPluginsBootstrapper - Context refreshed
2023-07-03 16:40:25.874 [main] INFO  s.d.s.web.plugins.DocumentationPluginsBootstrapper - Found 1 custom documentation plugin(s)
2023-07-03 16:40:25.904 [main] INFO  s.d.spring.web.scanners.ApiListingReferenceScanner - Scanning for api listing references
2023-07-03 16:40:26.041 [main] INFO  s.d.s.w.r.operation.CachingOperationNameGenerator - Generating unique operation named: viewFilesImageUsingGET_1
2023-07-03 16:40:26.138 [main] INFO  org.apache.coyote.http11.Http11NioProtocol - Starting ProtocolHandler ["http-nio-9555"]
2023-07-03 16:40:26.159 [main] INFO  o.s.boot.web.embedded.tomcat.TomcatWebServer - Tomcat started on port(s): 9555 (http) with context path ''
2023-07-03 16:40:26.162 [main] INFO  com.vip.file.FileApplication - Started FileApplication in 4.599 seconds (JVM running for 5.691)
2023-07-03 18:04:16.917 [main] INFO  com.vip.file.FileApplication - Starting FileApplication on XiaoXinAir14ITL2021 with PID 12436 (D:\javacode\workspace\zg-bank-backend-management\target\classes started by zhongGuan-Mwj in D:\javacode\workspace\zg-bank-backend-management)
2023-07-03 18:04:16.921 [main] INFO  com.vip.file.FileApplication - The following profiles are active: dev
2023-07-03 18:04:17.876 [main] INFO  o.s.c.s.PostProcessorRegistrationDelegate$BeanPostProcessorChecker - Bean 'org.springframework.transaction.annotation.ProxyTransactionManagementConfiguration' of type [org.springframework.transaction.annotation.ProxyTransactionManagementConfiguration] is not eligible for getting processed by all BeanPostProcessors (for example: not eligible for auto-proxying)
2023-07-03 18:04:18.237 [main] INFO  o.s.boot.web.embedded.tomcat.TomcatWebServer - Tomcat initialized with port(s): 9555 (http)
2023-07-03 18:04:18.246 [main] INFO  org.apache.coyote.http11.Http11NioProtocol - Initializing ProtocolHandler ["http-nio-9555"]
2023-07-03 18:04:18.247 [main] INFO  org.apache.catalina.core.StandardService - Starting service [Tomcat]
2023-07-03 18:04:18.247 [main] INFO  org.apache.catalina.core.StandardEngine - Starting Servlet engine: [Apache Tomcat/9.0.29]
2023-07-03 18:04:18.342 [main] INFO  o.a.c.core.ContainerBase.[Tomcat].[localhost].[/] - Initializing Spring embedded WebApplicationContext
2023-07-03 18:04:18.342 [main] INFO  org.springframework.web.context.ContextLoader - Root WebApplicationContext: initialization completed in 1365 ms
2023-07-03 18:04:18.408 [main] INFO  c.a.d.s.b.a.DruidDataSourceAutoConfigure - Init DruidDataSource
2023-07-03 18:04:18.561 [main] INFO  com.alibaba.druid.pool.DruidDataSource - {dataSource-1} inited
2023-07-03 18:04:19.950 [main] INFO  o.s.scheduling.concurrent.ThreadPoolTaskScheduler - Initializing ExecutorService 'taskScheduler'
2023-07-03 18:04:20.378 [main] INFO  s.d.s.w.PropertySourcedRequestMappingHandlerMapping - Mapped URL path [/v2/api-docs] onto method [springfox.documentation.swagger2.web.Swagger2Controller#getDocumentation(String, HttpServletRequest)]
2023-07-03 18:04:20.476 [main] INFO  o.s.scheduling.concurrent.ThreadPoolTaskExecutor - Initializing ExecutorService 'applicationTaskExecutor'
2023-07-03 18:04:20.677 [main] INFO  s.d.s.web.plugins.DocumentationPluginsBootstrapper - Context refreshed
2023-07-03 18:04:20.687 [main] INFO  s.d.s.web.plugins.DocumentationPluginsBootstrapper - Found 1 custom documentation plugin(s)
2023-07-03 18:04:20.711 [main] INFO  s.d.spring.web.scanners.ApiListingReferenceScanner - Scanning for api listing references
2023-07-03 18:04:20.826 [main] INFO  s.d.s.w.r.operation.CachingOperationNameGenerator - Generating unique operation named: viewFilesImageUsingGET_1
2023-07-03 18:04:20.911 [main] INFO  org.apache.coyote.http11.Http11NioProtocol - Starting ProtocolHandler ["http-nio-9555"]
2023-07-03 18:04:20.933 [main] INFO  o.s.boot.web.embedded.tomcat.TomcatWebServer - Tomcat started on port(s): 9555 (http) with context path ''
2023-07-03 18:04:20.936 [main] INFO  com.vip.file.FileApplication - Started FileApplication in 4.398 seconds (JVM running for 5.453)
2023-07-03 18:04:23.694 [http-nio-9555-exec-1] INFO  o.a.c.core.ContainerBase.[Tomcat].[localhost].[/] - Initializing Spring DispatcherServlet 'dispatcherServlet'
2023-07-03 18:04:23.694 [http-nio-9555-exec-1] INFO  org.springframework.web.servlet.DispatcherServlet - Initializing Servlet 'dispatcherServlet'
2023-07-03 18:04:23.704 [http-nio-9555-exec-1] INFO  org.springframework.web.servlet.DispatcherServlet - Completed initialization in 10 ms
2023-07-03 22:05:57.063 [main] INFO  com.vip.file.FileApplication - Starting FileApplication on XiaoXinAir14ITL2021 with PID 16116 (D:\javacode\workspace\zg-bank-backend-management\target\classes started by zhongGuan-Mwj in D:\javacode\workspace\zg-bank-backend-management)
2023-07-03 22:05:57.100 [main] INFO  com.vip.file.FileApplication - The following profiles are active: dev
2023-07-03 22:05:58.653 [main] INFO  o.s.c.s.PostProcessorRegistrationDelegate$BeanPostProcessorChecker - Bean 'org.springframework.transaction.annotation.ProxyTransactionManagementConfiguration' of type [org.springframework.transaction.annotation.ProxyTransactionManagementConfiguration] is not eligible for getting processed by all BeanPostProcessors (for example: not eligible for auto-proxying)
2023-07-03 22:05:59.182 [main] INFO  o.s.boot.web.embedded.tomcat.TomcatWebServer - Tomcat initialized with port(s): 9555 (http)
2023-07-03 22:05:59.189 [main] INFO  org.apache.coyote.http11.Http11NioProtocol - Initializing ProtocolHandler ["http-nio-9555"]
2023-07-03 22:05:59.190 [main] INFO  org.apache.catalina.core.StandardService - Starting service [Tomcat]
2023-07-03 22:05:59.190 [main] INFO  org.apache.catalina.core.StandardEngine - Starting Servlet engine: [Apache Tomcat/9.0.29]
2023-07-03 22:05:59.350 [main] INFO  o.a.c.core.ContainerBase.[Tomcat].[localhost].[/] - Initializing Spring embedded WebApplicationContext
2023-07-03 22:05:59.350 [main] INFO  org.springframework.web.context.ContextLoader - Root WebApplicationContext: initialization completed in 2188 ms
2023-07-03 22:05:59.469 [main] INFO  c.a.d.s.b.a.DruidDataSourceAutoConfigure - Init DruidDataSource
2023-07-03 22:05:59.755 [main] INFO  com.alibaba.druid.pool.DruidDataSource - {dataSource-1} inited
2023-07-03 22:06:02.284 [main] INFO  o.s.scheduling.concurrent.ThreadPoolTaskScheduler - Initializing ExecutorService 'taskScheduler'
2023-07-03 22:06:06.430 [Druid-ConnectionPool-Create-317053574] ERROR com.alibaba.druid.pool.DruidDataSource - create connection SQLException, url: jdbc:mysql://localhost:3306/vip_file_manager?useSSL=false&useUnicode=true&characterEncoding=utf-8&allowMultiQueries=true&zeroDateTimeBehavior=convertToNull&serverTimezone=GMT%2B8, errorCode 0, state 08S01
com.mysql.cj.jdbc.exceptions.CommunicationsException: Communications link failure

The last packet sent successfully to the server was 0 milliseconds ago. The driver has not received any packets from the server.
	at com.mysql.cj.jdbc.exceptions.SQLError.createCommunicationsException(SQLError.java:174)
	at com.mysql.cj.jdbc.exceptions.SQLExceptionsMapping.translateException(SQLExceptionsMapping.java:64)
	at com.mysql.cj.jdbc.ConnectionImpl.createNewIO(ConnectionImpl.java:835)
	at com.mysql.cj.jdbc.ConnectionImpl.<init>(ConnectionImpl.java:455)
	at com.mysql.cj.jdbc.ConnectionImpl.getInstance(ConnectionImpl.java:240)
	at com.mysql.cj.jdbc.NonRegisteringDriver.connect(NonRegisteringDriver.java:207)
	at com.alibaba.druid.pool.DruidAbstractDataSource.createPhysicalConnection(DruidAbstractDataSource.java:1643)
	at com.alibaba.druid.pool.DruidAbstractDataSource.createPhysicalConnection(DruidAbstractDataSource.java:1709)
	at com.alibaba.druid.pool.DruidDataSource$CreateConnectionThread.run(DruidDataSource.java:2715)
Caused by: com.mysql.cj.exceptions.CJCommunicationsException: Communications link failure

The last packet sent successfully to the server was 0 milliseconds ago. The driver has not received any packets from the server.
	at sun.reflect.NativeConstructorAccessorImpl.newInstance0(Native Method)
	at sun.reflect.NativeConstructorAccessorImpl.newInstance(NativeConstructorAccessorImpl.java:62)
	at sun.reflect.DelegatingConstructorAccessorImpl.newInstance(DelegatingConstructorAccessorImpl.java:45)
	at java.lang.reflect.Constructor.newInstance(Constructor.java:408)
	at com.mysql.cj.exceptions.ExceptionFactory.createException(ExceptionFactory.java:61)
	at com.mysql.cj.exceptions.ExceptionFactory.createException(ExceptionFactory.java:105)
	at com.mysql.cj.exceptions.ExceptionFactory.createException(ExceptionFactory.java:151)
	at com.mysql.cj.exceptions.ExceptionFactory.createCommunicationsException(ExceptionFactory.java:167)
	at com.mysql.cj.protocol.a.NativeSocketConnection.connect(NativeSocketConnection.java:91)
	at com.mysql.cj.NativeSession.connect(NativeSession.java:152)
	at com.mysql.cj.jdbc.ConnectionImpl.connectOneTryOnly(ConnectionImpl.java:955)
	at com.mysql.cj.jdbc.ConnectionImpl.createNewIO(ConnectionImpl.java:825)
	... 6 common frames omitted
Caused by: java.net.ConnectException: Connection refused: connect
	at java.net.DualStackPlainSocketImpl.connect0(Native Method)
	at java.net.DualStackPlainSocketImpl.socketConnect(DualStackPlainSocketImpl.java:79)
	at java.net.AbstractPlainSocketImpl.doConnect(AbstractPlainSocketImpl.java:345)
	at java.net.AbstractPlainSocketImpl.connectToAddress(AbstractPlainSocketImpl.java:206)
	at java.net.AbstractPlainSocketImpl.connect(AbstractPlainSocketImpl.java:188)
	at java.net.PlainSocketImpl.connect(PlainSocketImpl.java:172)
	at java.net.SocksSocketImpl.connect(SocksSocketImpl.java:392)
	at java.net.Socket.connect(Socket.java:589)
	at com.mysql.cj.protocol.StandardSocketFactory.connect(StandardSocketFactory.java:155)
	at com.mysql.cj.protocol.a.NativeSocketConnection.connect(NativeSocketConnection.java:65)
	... 9 common frames omitted
2023-07-03 22:06:10.474 [Druid-ConnectionPool-Create-317053574] ERROR com.alibaba.druid.pool.DruidDataSource - create connection SQLException, url: jdbc:mysql://localhost:3306/vip_file_manager?useSSL=false&useUnicode=true&characterEncoding=utf-8&allowMultiQueries=true&zeroDateTimeBehavior=convertToNull&serverTimezone=GMT%2B8, errorCode 0, state 08S01
com.mysql.cj.jdbc.exceptions.CommunicationsException: Communications link failure

The last packet sent successfully to the server was 0 milliseconds ago. The driver has not received any packets from the server.
	at com.mysql.cj.jdbc.exceptions.SQLError.createCommunicationsException(SQLError.java:174)
	at com.mysql.cj.jdbc.exceptions.SQLExceptionsMapping.translateException(SQLExceptionsMapping.java:64)
	at com.mysql.cj.jdbc.ConnectionImpl.createNewIO(ConnectionImpl.java:835)
	at com.mysql.cj.jdbc.ConnectionImpl.<init>(ConnectionImpl.java:455)
	at com.mysql.cj.jdbc.ConnectionImpl.getInstance(ConnectionImpl.java:240)
	at com.mysql.cj.jdbc.NonRegisteringDriver.connect(NonRegisteringDriver.java:207)
	at com.alibaba.druid.pool.DruidAbstractDataSource.createPhysicalConnection(DruidAbstractDataSource.java:1643)
	at com.alibaba.druid.pool.DruidAbstractDataSource.createPhysicalConnection(DruidAbstractDataSource.java:1709)
	at com.alibaba.druid.pool.DruidDataSource$CreateConnectionThread.run(DruidDataSource.java:2715)
Caused by: com.mysql.cj.exceptions.CJCommunicationsException: Communications link failure

The last packet sent successfully to the server was 0 milliseconds ago. The driver has not received any packets from the server.
	at sun.reflect.NativeConstructorAccessorImpl.newInstance0(Native Method)
	at sun.reflect.NativeConstructorAccessorImpl.newInstance(NativeConstructorAccessorImpl.java:62)
	at sun.reflect.DelegatingConstructorAccessorImpl.newInstance(DelegatingConstructorAccessorImpl.java:45)
	at java.lang.reflect.Constructor.newInstance(Constructor.java:408)
	at com.mysql.cj.exceptions.ExceptionFactory.createException(ExceptionFactory.java:61)
	at com.mysql.cj.exceptions.ExceptionFactory.createException(ExceptionFactory.java:105)
	at com.mysql.cj.exceptions.ExceptionFactory.createException(ExceptionFactory.java:151)
	at com.mysql.cj.exceptions.ExceptionFactory.createCommunicationsException(ExceptionFactory.java:167)
	at com.mysql.cj.protocol.a.NativeSocketConnection.connect(NativeSocketConnection.java:91)
	at com.mysql.cj.NativeSession.connect(NativeSession.java:152)
	at com.mysql.cj.jdbc.ConnectionImpl.connectOneTryOnly(ConnectionImpl.java:955)
	at com.mysql.cj.jdbc.ConnectionImpl.createNewIO(ConnectionImpl.java:825)
	... 6 common frames omitted
Caused by: java.net.ConnectException: Connection refused: connect
	at java.net.DualStackPlainSocketImpl.connect0(Native Method)
	at java.net.DualStackPlainSocketImpl.socketConnect(DualStackPlainSocketImpl.java:79)
	at java.net.AbstractPlainSocketImpl.doConnect(AbstractPlainSocketImpl.java:345)
	at java.net.AbstractPlainSocketImpl.connectToAddress(AbstractPlainSocketImpl.java:206)
	at java.net.AbstractPlainSocketImpl.connect(AbstractPlainSocketImpl.java:188)
	at java.net.PlainSocketImpl.connect(PlainSocketImpl.java:172)
	at java.net.SocksSocketImpl.connect(SocksSocketImpl.java:392)
	at java.net.Socket.connect(Socket.java:589)
	at com.mysql.cj.protocol.StandardSocketFactory.connect(StandardSocketFactory.java:155)
	at com.mysql.cj.protocol.a.NativeSocketConnection.connect(NativeSocketConnection.java:65)
	... 9 common frames omitted
2023-07-03 22:06:10.475 [Druid-ConnectionPool-Create-317053574] INFO  com.alibaba.druid.pool.DruidAbstractDataSource - {dataSource-1} failContinuous is true
2023-07-03 22:06:15.025 [Druid-ConnectionPool-Create-317053574] ERROR com.alibaba.druid.pool.DruidDataSource - create connection SQLException, url: jdbc:mysql://localhost:3306/vip_file_manager?useSSL=false&useUnicode=true&characterEncoding=utf-8&allowMultiQueries=true&zeroDateTimeBehavior=convertToNull&serverTimezone=GMT%2B8, errorCode 0, state 08S01
com.mysql.cj.jdbc.exceptions.CommunicationsException: Communications link failure

The last packet sent successfully to the server was 0 milliseconds ago. The driver has not received any packets from the server.
	at com.mysql.cj.jdbc.exceptions.SQLError.createCommunicationsException(SQLError.java:174)
	at com.mysql.cj.jdbc.exceptions.SQLExceptionsMapping.translateException(SQLExceptionsMapping.java:64)
	at com.mysql.cj.jdbc.ConnectionImpl.createNewIO(ConnectionImpl.java:835)
	at com.mysql.cj.jdbc.ConnectionImpl.<init>(ConnectionImpl.java:455)
	at com.mysql.cj.jdbc.ConnectionImpl.getInstance(ConnectionImpl.java:240)
	at com.mysql.cj.jdbc.NonRegisteringDriver.connect(NonRegisteringDriver.java:207)
	at com.alibaba.druid.pool.DruidAbstractDataSource.createPhysicalConnection(DruidAbstractDataSource.java:1643)
	at com.alibaba.druid.pool.DruidAbstractDataSource.createPhysicalConnection(DruidAbstractDataSource.java:1709)
	at com.alibaba.druid.pool.DruidDataSource$CreateConnectionThread.run(DruidDataSource.java:2715)
Caused by: com.mysql.cj.exceptions.CJCommunicationsException: Communications link failure

The last packet sent successfully to the server was 0 milliseconds ago. The driver has not received any packets from the server.
	at sun.reflect.NativeConstructorAccessorImpl.newInstance0(Native Method)
	at sun.reflect.NativeConstructorAccessorImpl.newInstance(NativeConstructorAccessorImpl.java:62)
	at sun.reflect.DelegatingConstructorAccessorImpl.newInstance(DelegatingConstructorAccessorImpl.java:45)
	at java.lang.reflect.Constructor.newInstance(Constructor.java:408)
	at com.mysql.cj.exceptions.ExceptionFactory.createException(ExceptionFactory.java:61)
	at com.mysql.cj.exceptions.ExceptionFactory.createException(ExceptionFactory.java:105)
	at com.mysql.cj.exceptions.ExceptionFactory.createException(ExceptionFactory.java:151)
	at com.mysql.cj.exceptions.ExceptionFactory.createCommunicationsException(ExceptionFactory.java:167)
	at com.mysql.cj.protocol.a.NativeSocketConnection.connect(NativeSocketConnection.java:91)
	at com.mysql.cj.NativeSession.connect(NativeSession.java:152)
	at com.mysql.cj.jdbc.ConnectionImpl.connectOneTryOnly(ConnectionImpl.java:955)
	at com.mysql.cj.jdbc.ConnectionImpl.createNewIO(ConnectionImpl.java:825)
	... 6 common frames omitted
Caused by: java.net.ConnectException: Connection refused: connect
	at java.net.DualStackPlainSocketImpl.connect0(Native Method)
	at java.net.DualStackPlainSocketImpl.socketConnect(DualStackPlainSocketImpl.java:79)
	at java.net.AbstractPlainSocketImpl.doConnect(AbstractPlainSocketImpl.java:345)
	at java.net.AbstractPlainSocketImpl.connectToAddress(AbstractPlainSocketImpl.java:206)
	at java.net.AbstractPlainSocketImpl.connect(AbstractPlainSocketImpl.java:188)
	at java.net.PlainSocketImpl.connect(PlainSocketImpl.java:172)
	at java.net.SocksSocketImpl.connect(SocksSocketImpl.java:392)
	at java.net.Socket.connect(Socket.java:589)
	at com.mysql.cj.protocol.StandardSocketFactory.connect(StandardSocketFactory.java:155)
	at com.mysql.cj.protocol.a.NativeSocketConnection.connect(NativeSocketConnection.java:65)
	... 9 common frames omitted
2023-07-03 22:06:19.570 [Druid-ConnectionPool-Create-317053574] ERROR com.alibaba.druid.pool.DruidDataSource - create connection SQLException, url: jdbc:mysql://localhost:3306/vip_file_manager?useSSL=false&useUnicode=true&characterEncoding=utf-8&allowMultiQueries=true&zeroDateTimeBehavior=convertToNull&serverTimezone=GMT%2B8, errorCode 0, state 08S01
com.mysql.cj.jdbc.exceptions.CommunicationsException: Communications link failure

The last packet sent successfully to the server was 0 milliseconds ago. The driver has not received any packets from the server.
	at com.mysql.cj.jdbc.exceptions.SQLError.createCommunicationsException(SQLError.java:174)
	at com.mysql.cj.jdbc.exceptions.SQLExceptionsMapping.translateException(SQLExceptionsMapping.java:64)
	at com.mysql.cj.jdbc.ConnectionImpl.createNewIO(ConnectionImpl.java:835)
	at com.mysql.cj.jdbc.ConnectionImpl.<init>(ConnectionImpl.java:455)
	at com.mysql.cj.jdbc.ConnectionImpl.getInstance(ConnectionImpl.java:240)
	at com.mysql.cj.jdbc.NonRegisteringDriver.connect(NonRegisteringDriver.java:207)
	at com.alibaba.druid.pool.DruidAbstractDataSource.createPhysicalConnection(DruidAbstractDataSource.java:1643)
	at com.alibaba.druid.pool.DruidAbstractDataSource.createPhysicalConnection(DruidAbstractDataSource.java:1709)
	at com.alibaba.druid.pool.DruidDataSource$CreateConnectionThread.run(DruidDataSource.java:2715)
Caused by: com.mysql.cj.exceptions.CJCommunicationsException: Communications link failure

The last packet sent successfully to the server was 0 milliseconds ago. The driver has not received any packets from the server.
	at sun.reflect.NativeConstructorAccessorImpl.newInstance0(Native Method)
	at sun.reflect.NativeConstructorAccessorImpl.newInstance(NativeConstructorAccessorImpl.java:62)
	at sun.reflect.DelegatingConstructorAccessorImpl.newInstance(DelegatingConstructorAccessorImpl.java:45)
	at java.lang.reflect.Constructor.newInstance(Constructor.java:408)
	at com.mysql.cj.exceptions.ExceptionFactory.createException(ExceptionFactory.java:61)
	at com.mysql.cj.exceptions.ExceptionFactory.createException(ExceptionFactory.java:105)
	at com.mysql.cj.exceptions.ExceptionFactory.createException(ExceptionFactory.java:151)
	at com.mysql.cj.exceptions.ExceptionFactory.createCommunicationsException(ExceptionFactory.java:167)
	at com.mysql.cj.protocol.a.NativeSocketConnection.connect(NativeSocketConnection.java:91)
	at com.mysql.cj.NativeSession.connect(NativeSession.java:152)
	at com.mysql.cj.jdbc.ConnectionImpl.connectOneTryOnly(ConnectionImpl.java:955)
	at com.mysql.cj.jdbc.ConnectionImpl.createNewIO(ConnectionImpl.java:825)
	... 6 common frames omitted
Caused by: java.net.ConnectException: Connection refused: connect
	at java.net.DualStackPlainSocketImpl.connect0(Native Method)
	at java.net.DualStackPlainSocketImpl.socketConnect(DualStackPlainSocketImpl.java:79)
	at java.net.AbstractPlainSocketImpl.doConnect(AbstractPlainSocketImpl.java:345)
	at java.net.AbstractPlainSocketImpl.connectToAddress(AbstractPlainSocketImpl.java:206)
	at java.net.AbstractPlainSocketImpl.connect(AbstractPlainSocketImpl.java:188)
	at java.net.PlainSocketImpl.connect(PlainSocketImpl.java:172)
	at java.net.SocksSocketImpl.connect(SocksSocketImpl.java:392)
	at java.net.Socket.connect(Socket.java:589)
	at com.mysql.cj.protocol.StandardSocketFactory.connect(StandardSocketFactory.java:155)
	at com.mysql.cj.protocol.a.NativeSocketConnection.connect(NativeSocketConnection.java:65)
	... 9 common frames omitted
2023-07-03 22:06:40.795 [main] INFO  com.vip.file.FileApplication - Starting FileApplication on XiaoXinAir14ITL2021 with PID 23804 (D:\javacode\workspace\zg-bank-backend-management\target\classes started by zhongGuan-Mwj in D:\javacode\workspace\zg-bank-backend-management)
2023-07-03 22:06:40.797 [main] INFO  com.vip.file.FileApplication - The following profiles are active: dev
2023-07-03 22:06:42.385 [main] INFO  o.s.c.s.PostProcessorRegistrationDelegate$BeanPostProcessorChecker - Bean 'org.springframework.transaction.annotation.ProxyTransactionManagementConfiguration' of type [org.springframework.transaction.annotation.ProxyTransactionManagementConfiguration] is not eligible for getting processed by all BeanPostProcessors (for example: not eligible for auto-proxying)
2023-07-03 22:06:42.894 [main] INFO  o.s.boot.web.embedded.tomcat.TomcatWebServer - Tomcat initialized with port(s): 9555 (http)
2023-07-03 22:06:42.901 [main] INFO  org.apache.coyote.http11.Http11NioProtocol - Initializing ProtocolHandler ["http-nio-9555"]
2023-07-03 22:06:42.902 [main] INFO  org.apache.catalina.core.StandardService - Starting service [Tomcat]
2023-07-03 22:06:42.902 [main] INFO  org.apache.catalina.core.StandardEngine - Starting Servlet engine: [Apache Tomcat/9.0.29]
2023-07-03 22:06:43.011 [main] INFO  o.a.c.core.ContainerBase.[Tomcat].[localhost].[/] - Initializing Spring embedded WebApplicationContext
2023-07-03 22:06:43.011 [main] INFO  org.springframework.web.context.ContextLoader - Root WebApplicationContext: initialization completed in 2156 ms
2023-07-03 22:06:43.115 [main] INFO  c.a.d.s.b.a.DruidDataSourceAutoConfigure - Init DruidDataSource
2023-07-03 22:06:43.346 [main] INFO  com.alibaba.druid.pool.DruidDataSource - {dataSource-1} inited
2023-07-03 22:06:45.736 [main] INFO  o.s.scheduling.concurrent.ThreadPoolTaskScheduler - Initializing ExecutorService 'taskScheduler'
2023-07-03 22:06:46.744 [main] INFO  s.d.s.w.PropertySourcedRequestMappingHandlerMapping - Mapped URL path [/v2/api-docs] onto method [springfox.documentation.swagger2.web.Swagger2Controller#getDocumentation(String, HttpServletRequest)]
2023-07-03 22:06:46.892 [main] INFO  o.s.scheduling.concurrent.ThreadPoolTaskExecutor - Initializing ExecutorService 'applicationTaskExecutor'
2023-07-03 22:06:47.196 [main] INFO  s.d.s.web.plugins.DocumentationPluginsBootstrapper - Context refreshed
2023-07-03 22:06:47.215 [main] INFO  s.d.s.web.plugins.DocumentationPluginsBootstrapper - Found 1 custom documentation plugin(s)
2023-07-03 22:06:47.247 [main] INFO  s.d.spring.web.scanners.ApiListingReferenceScanner - Scanning for api listing references
2023-07-03 22:06:47.491 [main] INFO  s.d.s.w.r.operation.CachingOperationNameGenerator - Generating unique operation named: viewFilesImageUsingGET_1
2023-07-03 22:06:47.637 [main] INFO  org.apache.coyote.http11.Http11NioProtocol - Starting ProtocolHandler ["http-nio-9555"]
2023-07-03 22:06:47.661 [main] INFO  o.s.boot.web.embedded.tomcat.TomcatWebServer - Tomcat started on port(s): 9555 (http) with context path ''
2023-07-03 22:06:47.664 [main] INFO  com.vip.file.FileApplication - Started FileApplication in 7.329 seconds (JVM running for 9.045)
2023-07-03 22:08:43.487 [main] INFO  com.vip.file.FileApplication - Starting FileApplication on XiaoXinAir14ITL2021 with PID 1392 (D:\javacode\workspace\zg-bank-backend-management\target\classes started by zhongGuan-Mwj in D:\javacode\workspace\zg-bank-backend-management)
2023-07-03 22:08:43.497 [main] INFO  com.vip.file.FileApplication - The following profiles are active: dev
2023-07-03 22:08:45.068 [main] INFO  o.s.c.s.PostProcessorRegistrationDelegate$BeanPostProcessorChecker - Bean 'org.springframework.transaction.annotation.ProxyTransactionManagementConfiguration' of type [org.springframework.transaction.annotation.ProxyTransactionManagementConfiguration] is not eligible for getting processed by all BeanPostProcessors (for example: not eligible for auto-proxying)
2023-07-03 22:08:45.702 [main] INFO  o.s.boot.web.embedded.tomcat.TomcatWebServer - Tomcat initialized with port(s): 9555 (http)
2023-07-03 22:08:45.713 [main] INFO  org.apache.coyote.http11.Http11NioProtocol - Initializing ProtocolHandler ["http-nio-9555"]
2023-07-03 22:08:45.714 [main] INFO  org.apache.catalina.core.StandardService - Starting service [Tomcat]
2023-07-03 22:08:45.714 [main] INFO  org.apache.catalina.core.StandardEngine - Starting Servlet engine: [Apache Tomcat/9.0.29]
2023-07-03 22:08:45.834 [main] INFO  o.a.c.core.ContainerBase.[Tomcat].[localhost].[/] - Initializing Spring embedded WebApplicationContext
2023-07-03 22:08:45.834 [main] INFO  org.springframework.web.context.ContextLoader - Root WebApplicationContext: initialization completed in 2254 ms
2023-07-03 22:08:45.933 [main] INFO  c.a.d.s.b.a.DruidDataSourceAutoConfigure - Init DruidDataSource
2023-07-03 22:08:46.136 [main] INFO  com.alibaba.druid.pool.DruidDataSource - {dataSource-1} inited
2023-07-03 22:08:48.835 [main] INFO  o.s.scheduling.concurrent.ThreadPoolTaskScheduler - Initializing ExecutorService 'taskScheduler'
2023-07-03 22:08:49.593 [main] INFO  s.d.s.w.PropertySourcedRequestMappingHandlerMapping - Mapped URL path [/v2/api-docs] onto method [springfox.documentation.swagger2.web.Swagger2Controller#getDocumentation(String, HttpServletRequest)]
2023-07-03 22:08:49.780 [main] INFO  o.s.scheduling.concurrent.ThreadPoolTaskExecutor - Initializing ExecutorService 'applicationTaskExecutor'
2023-07-03 22:08:50.138 [main] INFO  s.d.s.web.plugins.DocumentationPluginsBootstrapper - Context refreshed
2023-07-03 22:08:50.169 [main] INFO  s.d.s.web.plugins.DocumentationPluginsBootstrapper - Found 1 custom documentation plugin(s)
2023-07-03 22:08:50.214 [main] INFO  s.d.spring.web.scanners.ApiListingReferenceScanner - Scanning for api listing references
2023-07-03 22:08:50.416 [main] INFO  s.d.s.w.r.operation.CachingOperationNameGenerator - Generating unique operation named: viewFilesImageUsingGET_1
2023-07-03 22:08:50.542 [main] INFO  org.apache.coyote.http11.Http11NioProtocol - Starting ProtocolHandler ["http-nio-9555"]
2023-07-03 22:08:50.596 [main] INFO  o.s.boot.web.embedded.tomcat.TomcatWebServer - Tomcat started on port(s): 9555 (http) with context path ''
2023-07-03 22:08:50.599 [main] INFO  com.vip.file.FileApplication - Started FileApplication in 7.537 seconds (JVM running for 8.949)
